Using MPI version 3.1, 20 processes
-----------
Initializing structure...
Splitting into 20 chunks by voxels
time for choose_chunkdivision = 0.00100899 s
Working in 3D dimensions.
Computational cell is 2 x 2.3 x 2.5 with resolution 200
     block, center = (0,0,0.125)
          size (1e+20,0.65,0.25)
          axes (1,0,0), (0,1,0), (0,0,1)
          dielectric constant epsilon diagonal = (4.0804,4.0804,4.0804)
     block, center = (0,0,-0.625)
          size (1e+20,1e+20,1.25)
          axes (1,0,0), (0,1,0), (0,0,1)
          dielectric constant epsilon diagonal = (2.1316,2.1316,2.1316)
     block, center = (0,0,0.35)
          size (1e+20,1e+20,0.2)
          axes (1,0,0), (0,1,0), (0,0,1)
          dielectric constant epsilon diagonal = (3.24,3.24,3.24)
     block, center = (0,0,0.465)
          size (1e+20,1e+20,0.03)
          axes (1,0,0), (0,1,0), (0,0,1)
          dielectric constant epsilon diagonal = (2.25,2.25,2.25)
time for set_epsilon = 3.29077 s
time for set_conductivity = 0.368041 s
time for set_conductivity = 0.372752 s
time for set_conductivity = 0.366692 s
time for set_conductivity = 0.368043 s
time for set_conductivity = 0.385095 s
time for set_conductivity = 0.368672 s
-----------
FloatProgress(value=0.0, description='0% done ', max=20.0)
Meep progress: 0.0025/20.0 = 0.0% done in 50.2s, 401286.0s to go
on time step 1 (time=0.0025), 50.151 s/step
Meep progress: 0.045/20.0 = 0.2% done in 54.2s, 24050.4s to go
on time step 18 (time=0.045), 0.23929 s/step
Meep progress: 0.08750000000000001/20.0 = 0.4% done in 58.2s, 13253.6s to go
on time step 35 (time=0.0875), 0.235514 s/step
Meep progress: 0.1325/20.0 = 0.7% done in 62.5s, 9364.7s to go
on time step 53 (time=0.1325), 0.234211 s/step
Meep progress: 0.1775/20.0 = 0.9% done in 66.7s, 7447.5s to go
on time step 71 (time=0.1775), 0.235164 s/step
Meep progress: 0.2225/20.0 = 1.1% done in 70.9s, 6302.1s to go
on time step 89 (time=0.2225), 0.233984 s/step
Meep progress: 0.2675/20.0 = 1.3% done in 75.1s, 5541.7s to go
on time step 107 (time=0.2675), 0.234718 s/step
Meep progress: 0.3125/20.0 = 1.6% done in 79.3s, 4998.7s to go
on time step 125 (time=0.3125), 0.234446 s/step
Meep progress: 0.355/20.0 = 1.8% done in 83.3s, 4612.3s to go
on time step 142 (time=0.355), 0.235445 s/step
Meep progress: 0.4/20.0 = 2.0% done in 87.6s, 4290.6s to go
on time step 160 (time=0.4), 0.234229 s/step
Meep progress: 0.445/20.0 = 2.2% done in 91.8s, 4033.3s to go
on time step 178 (time=0.445), 0.234372 s/step
Meep progress: 0.49/20.0 = 2.4% done in 96.0s, 3822.8s to go
on time step 196 (time=0.49), 0.234942 s/step
Meep progress: 0.535/20.0 = 2.7% done in 100.2s, 3646.6s to go
on time step 214 (time=0.535), 0.2343 s/step
Meep progress: 0.58/20.0 = 2.9% done in 104.5s, 3497.4s to go
on time step 232 (time=0.58), 0.234723 s/step
Meep progress: 0.625/20.0 = 3.1% done in 108.7s, 3368.8s to go
on time step 250 (time=0.625), 0.234215 s/step
Meep progress: 0.67/20.0 = 3.4% done in 112.9s, 3257.6s to go
on time step 268 (time=0.67), 0.23567 s/step
Meep progress: 0.715/20.0 = 3.6% done in 117.1s, 3159.1s to go
on time step 286 (time=0.715), 0.234037 s/step
Meep progress: 0.7575000000000001/20.0 = 3.8% done in 121.1s, 3076.9s to go
on time step 303 (time=0.7575), 0.235368 s/step
Meep progress: 0.8025/20.0 = 4.0% done in 125.4s, 2998.6s to go
on time step 321 (time=0.8025), 0.234703 s/step
Meep progress: 0.8475/20.0 = 4.2% done in 129.6s, 2928.1s to go
on time step 339 (time=0.8475), 0.234231 s/step
Meep progress: 0.8925000000000001/20.0 = 4.5% done in 133.8s, 2864.5s to go
on time step 357 (time=0.8925), 0.235241 s/step
Meep progress: 0.9375/20.0 = 4.7% done in 138.0s, 2806.4s to go
on time step 375 (time=0.9375), 0.234416 s/step
Meep progress: 0.9825/20.0 = 4.9% done in 142.2s, 2753.3s to go
on time step 393 (time=0.9825), 0.234637 s/step
Meep progress: 1.0275/20.0 = 5.1% done in 146.5s, 2704.6s to go
on time step 411 (time=1.0275), 0.234988 s/step
Meep progress: 1.0725/20.0 = 5.4% done in 150.7s, 2659.4s to go
on time step 429 (time=1.0725), 0.234394 s/step
Meep progress: 1.1175/20.0 = 5.6% done in 154.9s, 2617.7s to go
on time step 447 (time=1.1175), 0.234887 s/step
Meep progress: 1.1625/20.0 = 5.8% done in 159.1s, 2578.8s to go
on time step 465 (time=1.1625), 0.234493 s/step
Meep progress: 1.205/20.0 = 6.0% done in 163.2s, 2545.0s to go
on time step 482 (time=1.205), 0.236644 s/step
Meep progress: 1.2475/20.0 = 6.2% done in 167.2s, 2513.1s to go
on time step 499 (time=1.2475), 0.236444 s/step
Meep progress: 1.29/20.0 = 6.5% done in 171.2s, 2483.2s to go
on time step 516 (time=1.29), 0.236897 s/step
Meep progress: 1.3325/20.0 = 6.7% done in 175.2s, 2454.9s to go
on time step 533 (time=1.3325), 0.236345 s/step
Meep progress: 1.375/20.0 = 6.9% done in 179.2s, 2427.8s to go
on time step 550 (time=1.375), 0.235544 s/step
Meep progress: 1.4175/20.0 = 7.1% done in 183.2s, 2402.3s to go
on time step 567 (time=1.4175), 0.236107 s/step
Meep progress: 1.4625000000000001/20.0 = 7.3% done in 187.5s, 2376.2s to go
on time step 585 (time=1.4625), 0.234554 s/step
Meep progress: 1.5050000000000001/20.0 = 7.5% done in 191.5s, 2353.0s to go
on time step 602 (time=1.505), 0.235319 s/step
Meep progress: 1.55/20.0 = 7.8% done in 195.7s, 2329.5s to go
on time step 620 (time=1.55), 0.235219 s/step
Meep progress: 1.595/20.0 = 8.0% done in 199.9s, 2307.0s to go
on time step 638 (time=1.595), 0.234383 s/step
Meep progress: 1.6400000000000001/20.0 = 8.2% done in 204.2s, 2285.5s to go
on time step 656 (time=1.64), 0.235097 s/step
Meep progress: 1.6825/20.0 = 8.4% done in 208.2s, 2266.2s to go
on time step 673 (time=1.6825), 0.235364 s/step
Meep progress: 1.725/20.0 = 8.6% done in 212.2s, 2247.8s to go
on time step 690 (time=1.725), 0.236056 s/step
Meep progress: 1.7675/20.0 = 8.8% done in 216.2s, 2230.2s to go
on time step 707 (time=1.7675), 0.237043 s/step
Meep progress: 1.8125/20.0 = 9.1% done in 220.4s, 2211.9s to go
on time step 725 (time=1.8125), 0.235128 s/step
Meep progress: 1.8575/20.0 = 9.3% done in 224.7s, 2194.3s to go
on time step 743 (time=1.8575), 0.234881 s/step
Meep progress: 1.9025/20.0 = 9.5% done in 228.9s, 2177.2s to go
on time step 761 (time=1.9025), 0.234198 s/step
Meep progress: 1.9475/20.0 = 9.7% done in 233.1s, 2160.7s to go
on time step 779 (time=1.9475), 0.234376 s/step
Meep progress: 1.9925/20.0 = 10.0% done in 237.3s, 2144.8s to go
on time step 797 (time=1.9925), 0.23479 s/step
Meep progress: 2.0375/20.0 = 10.2% done in 241.6s, 2129.5s to go
on time step 815 (time=2.0375), 0.235029 s/step
Meep progress: 2.0825/20.0 = 10.4% done in 245.8s, 2114.6s to go
on time step 833 (time=2.0825), 0.234409 s/step
Meep progress: 2.1275/20.0 = 10.6% done in 250.0s, 2100.0s to go
on time step 851 (time=2.1275), 0.234097 s/step
Meep progress: 2.1725/20.0 = 10.9% done in 254.2s, 2086.1s to go
on time step 869 (time=2.1725), 0.234924 s/step
Meep progress: 2.2175000000000002/20.0 = 11.1% done in 258.4s, 2072.4s to go
on time step 887 (time=2.2175), 0.234094 s/step
Meep progress: 2.2625/20.0 = 11.3% done in 262.6s, 2059.0s to go
on time step 905 (time=2.2625), 0.233896 s/step
Meep progress: 2.3075/20.0 = 11.5% done in 266.9s, 2046.2s to go
on time step 923 (time=2.3075), 0.23503 s/step
Meep progress: 2.3525/20.0 = 11.8% done in 271.1s, 2033.6s to go
on time step 941 (time=2.3525), 0.234248 s/step
Meep progress: 2.3975/20.0 = 12.0% done in 275.3s, 2021.4s to go
on time step 959 (time=2.3975), 0.235064 s/step
Meep progress: 2.4425/20.0 = 12.2% done in 279.5s, 2009.4s to go
on time step 977 (time=2.4425), 0.234159 s/step
Meep progress: 2.4875000000000003/20.0 = 12.4% done in 283.8s, 1997.7s to go
on time step 995 (time=2.4875), 0.234686 s/step
Meep progress: 2.5325/20.0 = 12.7% done in 288.0s, 1986.3s to go
on time step 1013 (time=2.5325), 0.234524 s/step
Meep progress: 2.5775/20.0 = 12.9% done in 292.2s, 1975.1s to go
on time step 1031 (time=2.5775), 0.234252 s/step
Meep progress: 2.6225/20.0 = 13.1% done in 296.4s, 1964.2s to go
on time step 1049 (time=2.6225), 0.235174 s/step
Meep progress: 2.6675/20.0 = 13.3% done in 300.6s, 1953.5s to go
on time step 1067 (time=2.6675), 0.234577 s/step
Meep progress: 2.71/20.0 = 13.5% done in 304.7s, 1943.7s to go
on time step 1084 (time=2.71), 0.235427 s/step
Meep progress: 2.755/20.0 = 13.8% done in 308.9s, 1933.4s to go
on time step 1102 (time=2.755), 0.234142 s/step
Meep progress: 2.8000000000000003/20.0 = 14.0% done in 313.1s, 1923.2s to go
on time step 1120 (time=2.8), 0.23439 s/step
Meep progress: 2.845/20.0 = 14.2% done in 317.3s, 1913.3s to go
on time step 1138 (time=2.845), 0.234819 s/step
Meep progress: 2.89/20.0 = 14.4% done in 321.5s, 1903.6s to go
on time step 1156 (time=2.89), 0.233998 s/step
Meep progress: 2.935/20.0 = 14.7% done in 325.8s, 1894.0s to go
on time step 1174 (time=2.935), 0.235018 s/step
Meep progress: 2.98/20.0 = 14.9% done in 330.0s, 1884.6s to go
on time step 1192 (time=2.98), 0.234141 s/step
Meep progress: 3.025/20.0 = 15.1% done in 334.2s, 1875.4s to go
on time step 1210 (time=3.025), 0.235241 s/step
Meep progress: 3.0700000000000003/20.0 = 15.4% done in 338.4s, 1866.2s to go
on time step 1228 (time=3.07), 0.234052 s/step
Meep progress: 3.115/20.0 = 15.6% done in 342.6s, 1857.2s to go
on time step 1246 (time=3.115), 0.234201 s/step
Meep progress: 3.16/20.0 = 15.8% done in 346.9s, 1848.5s to go
on time step 1264 (time=3.16), 0.234854 s/step
Meep progress: 3.205/20.0 = 16.0% done in 351.1s, 1839.7s to go
on time step 1282 (time=3.205), 0.234155 s/step
Meep progress: 3.25/20.0 = 16.2% done in 355.3s, 1831.2s to go
on time step 1300 (time=3.25), 0.235117 s/step
Meep progress: 3.295/20.0 = 16.5% done in 359.5s, 1822.7s to go
on time step 1318 (time=3.295), 0.234125 s/step
Meep progress: 3.34/20.0 = 16.7% done in 363.7s, 1814.4s to go
on time step 1336 (time=3.34), 0.234796 s/step
Meep progress: 3.3850000000000002/20.0 = 16.9% done in 368.0s, 1806.2s to go
on time step 1354 (time=3.385), 0.235045 s/step
Meep progress: 3.43/20.0 = 17.1% done in 372.2s, 1798.1s to go
on time step 1372 (time=3.43), 0.234446 s/step
Meep progress: 3.475/20.0 = 17.4% done in 376.4s, 1790.0s to go
on time step 1390 (time=3.475), 0.234607 s/step
Meep progress: 3.52/20.0 = 17.6% done in 380.6s, 1782.0s to go
on time step 1408 (time=3.52), 0.233873 s/step
Meep progress: 3.5625/20.0 = 17.8% done in 384.6s, 1774.7s to go
on time step 1425 (time=3.5625), 0.235471 s/step
Meep progress: 3.6075/20.0 = 18.0% done in 388.9s, 1766.9s to go
on time step 1443 (time=3.6075), 0.234349 s/step
Meep progress: 3.6525/20.0 = 18.3% done in 393.1s, 1759.3s to go
on time step 1461 (time=3.6525), 0.234181 s/step
Meep progress: 3.6975000000000002/20.0 = 18.5% done in 397.3s, 1751.7s to go
on time step 1479 (time=3.6975), 0.234768 s/step
Meep progress: 3.7425/20.0 = 18.7% done in 401.5s, 1744.1s to go
on time step 1497 (time=3.7425), 0.234021 s/step
Meep progress: 3.7875/20.0 = 18.9% done in 405.7s, 1736.8s to go
on time step 1515 (time=3.7875), 0.234971 s/step
Meep progress: 3.8325/20.0 = 19.2% done in 410.0s, 1729.4s to go
on time step 1533 (time=3.8325), 0.234205 s/step
Meep progress: 3.8775/20.0 = 19.4% done in 414.2s, 1722.1s to go
on time step 1551 (time=3.8775), 0.234386 s/step
Meep progress: 3.9225/20.0 = 19.6% done in 418.4s, 1714.9s to go
on time step 1569 (time=3.9225), 0.234994 s/step
Meep progress: 3.9675000000000002/20.0 = 19.8% done in 422.6s, 1707.8s to go
on time step 1587 (time=3.9675), 0.234745 s/step
Meep progress: 4.0125/20.0 = 20.1% done in 426.9s, 1700.8s to go
on time step 1605 (time=4.0125), 0.235094 s/step
Meep progress: 4.0575/20.0 = 20.3% done in 431.1s, 1693.8s to go
on time step 1623 (time=4.0575), 0.234321 s/step
Meep progress: 4.1025/20.0 = 20.5% done in 435.3s, 1686.9s to go
on time step 1641 (time=4.1025), 0.23521 s/step
Meep progress: 4.1475/20.0 = 20.7% done in 439.5s, 1679.9s to go
on time step 1659 (time=4.1475), 0.233862 s/step
Meep progress: 4.1925/20.0 = 21.0% done in 443.7s, 1673.1s to go
on time step 1677 (time=4.1925), 0.234175 s/step
Meep progress: 4.2375/20.0 = 21.2% done in 448.0s, 1666.3s to go
on time step 1695 (time=4.2375), 0.235121 s/step
Meep progress: 4.2825/20.0 = 21.4% done in 452.2s, 1659.6s to go
on time step 1713 (time=4.2825), 0.234582 s/step
Meep progress: 4.3275/20.0 = 21.6% done in 456.4s, 1653.0s to go
on time step 1731 (time=4.3275), 0.234803 s/step
Meep progress: 4.3725000000000005/20.0 = 21.9% done in 460.6s, 1646.3s to go
on time step 1749 (time=4.3725), 0.234147 s/step
Meep progress: 4.4175/20.0 = 22.1% done in 464.9s, 1639.8s to go
on time step 1767 (time=4.4175), 0.234844 s/step
Meep progress: 4.4625/20.0 = 22.3% done in 469.1s, 1633.2s to go
on time step 1785 (time=4.4625), 0.234641 s/step
Meep progress: 4.5075/20.0 = 22.5% done in 473.3s, 1626.7s to go
on time step 1803 (time=4.5075), 0.234345 s/step
Meep progress: 4.5525/20.0 = 22.8% done in 477.5s, 1620.3s to go
on time step 1821 (time=4.5525), 0.234832 s/step
Meep progress: 4.5975/20.0 = 23.0% done in 481.7s, 1613.9s to go
on time step 1839 (time=4.5975), 0.234371 s/step
Meep progress: 4.64/20.0 = 23.2% done in 485.7s, 1608.0s to go
on time step 1856 (time=4.64), 0.235312 s/step
Meep progress: 4.6850000000000005/20.0 = 23.4% done in 490.0s, 1601.7s to go
on time step 1874 (time=4.685), 0.234232 s/step
Meep progress: 4.73/20.0 = 23.7% done in 494.2s, 1595.4s to go
on time step 1892 (time=4.73), 0.23444 s/step
Meep progress: 4.775/20.0 = 23.9% done in 498.4s, 1589.2s to go
on time step 1910 (time=4.775), 0.235035 s/step
Meep progress: 4.82/20.0 = 24.1% done in 502.6s, 1582.9s to go
on time step 1928 (time=4.82), 0.233946 s/step
Meep progress: 4.865/20.0 = 24.3% done in 506.9s, 1576.8s to go
on time step 1946 (time=4.865), 0.23498 s/step
Meep progress: 4.91/20.0 = 24.6% done in 511.1s, 1570.7s to go
on time step 1964 (time=4.91), 0.234256 s/step
Meep progress: 4.955/20.0 = 24.8% done in 515.3s, 1564.6s to go
on time step 1982 (time=4.955), 0.23496 s/step
Meep progress: 5.0/20.0 = 25.0% done in 519.5s, 1558.5s to go
on time step 2000 (time=5), 0.234092 s/step
Meep progress: 5.045/20.0 = 25.2% done in 523.7s, 1552.5s to go
on time step 2018 (time=5.045), 0.234102 s/step
Meep progress: 5.09/20.0 = 25.4% done in 528.0s, 1546.5s to go
on time step 2036 (time=5.09), 0.235174 s/step
Meep progress: 5.135/20.0 = 25.7% done in 532.2s, 1540.6s to go
on time step 2054 (time=5.135), 0.234172 s/step
Meep progress: 5.18/20.0 = 25.9% done in 536.4s, 1534.7s to go
on time step 2072 (time=5.18), 0.235214 s/step
Meep progress: 5.2250000000000005/20.0 = 26.1% done in 540.6s, 1528.7s to go
on time step 2090 (time=5.225), 0.234074 s/step
Meep progress: 5.2700000000000005/20.0 = 26.4% done in 544.8s, 1522.9s to go
on time step 2108 (time=5.27), 0.234722 s/step
Meep progress: 5.315/20.0 = 26.6% done in 549.1s, 1517.1s to go
on time step 2126 (time=5.315), 0.234873 s/step
Meep progress: 5.36/20.0 = 26.8% done in 553.3s, 1511.2s to go
on time step 2144 (time=5.36), 0.23443 s/step
Meep progress: 5.405/20.0 = 27.0% done in 557.5s, 1505.5s to go
on time step 2162 (time=5.405), 0.235011 s/step
Meep progress: 5.45/20.0 = 27.2% done in 561.7s, 1499.7s to go
on time step 2180 (time=5.45), 0.234042 s/step
Meep progress: 5.495/20.0 = 27.5% done in 566.0s, 1494.0s to go
on time step 2198 (time=5.495), 0.234818 s/step
Meep progress: 5.54/20.0 = 27.7% done in 570.2s, 1488.2s to go
on time step 2216 (time=5.54), 0.234122 s/step
Meep progress: 5.585/20.0 = 27.9% done in 574.4s, 1482.5s to go
on time step 2234 (time=5.585), 0.234165 s/step
Meep progress: 5.63/20.0 = 28.1% done in 578.6s, 1476.9s to go
on time step 2252 (time=5.63), 0.234964 s/step
Meep progress: 5.675/20.0 = 28.4% done in 582.8s, 1471.2s to go
on time step 2270 (time=5.675), 0.234151 s/step
Meep progress: 5.7175/20.0 = 28.6% done in 586.8s, 1465.9s to go
on time step 2287 (time=5.7175), 0.235364 s/step
Meep progress: 5.7625/20.0 = 28.8% done in 591.1s, 1460.3s to go
on time step 2305 (time=5.7625), 0.234179 s/step
Meep progress: 5.8075/20.0 = 29.0% done in 595.3s, 1454.7s to go
on time step 2323 (time=5.8075), 0.234389 s/step
Meep progress: 5.8525/20.0 = 29.3% done in 599.5s, 1449.2s to go
on time step 2341 (time=5.8525), 0.234809 s/step
Meep progress: 5.8975/20.0 = 29.5% done in 603.7s, 1443.7s to go
on time step 2359 (time=5.8975), 0.234865 s/step
Meep progress: 5.9425/20.0 = 29.7% done in 608.0s, 1438.2s to go
on time step 2377 (time=5.9425), 0.235004 s/step
Meep progress: 5.9875/20.0 = 29.9% done in 612.2s, 1432.7s to go
on time step 2395 (time=5.9875), 0.234126 s/step
Meep progress: 6.03/20.0 = 30.1% done in 616.2s, 1427.5s to go
on time step 2412 (time=6.03), 0.235307 s/step
Meep progress: 6.075/20.0 = 30.4% done in 620.4s, 1422.0s to go
on time step 2430 (time=6.075), 0.233889 s/step
Meep progress: 6.12/20.0 = 30.6% done in 624.6s, 1416.6s to go
on time step 2448 (time=6.12), 0.234134 s/step
Meep progress: 6.165/20.0 = 30.8% done in 628.8s, 1411.2s to go
on time step 2466 (time=6.165), 0.234916 s/step
Meep progress: 6.21/20.0 = 31.0% done in 633.0s, 1405.8s to go
on time step 2484 (time=6.21), 0.234638 s/step
Meep progress: 6.255/20.0 = 31.3% done in 637.3s, 1400.4s to go
on time step 2502 (time=6.255), 0.234589 s/step
Meep progress: 6.3/20.0 = 31.5% done in 641.5s, 1395.0s to go
on time step 2520 (time=6.3), 0.234121 s/step
Meep progress: 6.345/20.0 = 31.7% done in 645.7s, 1389.6s to go
on time step 2538 (time=6.345), 0.234305 s/step
Meep progress: 6.390000000000001/20.0 = 32.0% done in 649.9s, 1384.3s to go
on time step 2556 (time=6.39), 0.23501 s/step
Meep progress: 6.4350000000000005/20.0 = 32.2% done in 654.2s, 1379.0s to go
on time step 2574 (time=6.435), 0.234351 s/step
Meep progress: 6.48/20.0 = 32.4% done in 658.4s, 1373.7s to go
on time step 2592 (time=6.48), 0.234996 s/step
Meep progress: 6.525/20.0 = 32.6% done in 662.6s, 1368.4s to go
on time step 2610 (time=6.525), 0.234349 s/step
Meep progress: 6.5675/20.0 = 32.8% done in 666.6s, 1363.4s to go
on time step 2627 (time=6.5675), 0.235384 s/step
Meep progress: 6.6125/20.0 = 33.1% done in 670.8s, 1358.1s to go
on time step 2645 (time=6.6125), 0.234191 s/step
Meep progress: 6.6575/20.0 = 33.3% done in 675.0s, 1352.9s to go
on time step 2663 (time=6.6575), 0.234392 s/step
Meep progress: 6.702500000000001/20.0 = 33.5% done in 679.3s, 1347.6s to go
on time step 2681 (time=6.7025), 0.23465 s/step
Meep progress: 6.7475000000000005/20.0 = 33.7% done in 683.5s, 1342.4s to go
on time step 2699 (time=6.7475), 0.233968 s/step
Meep progress: 6.79/20.0 = 33.9% done in 687.5s, 1337.5s to go
on time step 2716 (time=6.79), 0.235384 s/step
Meep progress: 6.835/20.0 = 34.2% done in 691.7s, 1332.3s to go
on time step 2734 (time=6.835), 0.234119 s/step
Meep progress: 6.88/20.0 = 34.4% done in 695.9s, 1327.1s to go
on time step 2752 (time=6.88), 0.234401 s/step
Meep progress: 6.925/20.0 = 34.6% done in 700.1s, 1321.9s to go
on time step 2770 (time=6.925), 0.234987 s/step
Meep progress: 6.97/20.0 = 34.8% done in 704.3s, 1316.7s to go
on time step 2788 (time=6.97), 0.234088 s/step
Meep progress: 7.0125/20.0 = 35.1% done in 708.4s, 1311.9s to go
on time step 2805 (time=7.0125), 0.235374 s/step
Meep progress: 7.0575/20.0 = 35.3% done in 712.6s, 1306.7s to go
on time step 2823 (time=7.0575), 0.234135 s/step
Meep progress: 7.1000000000000005/20.0 = 35.5% done in 716.6s, 1301.9s to go
on time step 2840 (time=7.1), 0.235346 s/step
Meep progress: 7.1450000000000005/20.0 = 35.7% done in 720.8s, 1296.8s to go
on time step 2858 (time=7.145), 0.234115 s/step
Meep progress: 7.19/20.0 = 36.0% done in 725.0s, 1291.7s to go
on time step 2876 (time=7.19), 0.23472 s/step
Meep progress: 7.235/20.0 = 36.2% done in 729.2s, 1286.6s to go
on time step 2894 (time=7.235), 0.234821 s/step
Meep progress: 7.28/20.0 = 36.4% done in 733.5s, 1281.5s to go
on time step 2912 (time=7.28), 0.234416 s/step
Meep progress: 7.325/20.0 = 36.6% done in 737.7s, 1276.5s to go
on time step 2930 (time=7.325), 0.234839 s/step
Meep progress: 7.37/20.0 = 36.9% done in 741.9s, 1271.4s to go
on time step 2948 (time=7.37), 0.233735 s/step
Meep progress: 7.415/20.0 = 37.1% done in 746.1s, 1266.3s to go
on time step 2966 (time=7.415), 0.234213 s/step
Meep progress: 7.46/20.0 = 37.3% done in 750.3s, 1261.3s to go
on time step 2984 (time=7.46), 0.235043 s/step
Meep progress: 7.505/20.0 = 37.5% done in 754.6s, 1256.2s to go
on time step 3002 (time=7.505), 0.234349 s/step
Meep progress: 7.55/20.0 = 37.8% done in 758.8s, 1251.2s to go
on time step 3020 (time=7.55), 0.234885 s/step
Meep progress: 7.595/20.0 = 38.0% done in 763.0s, 1246.2s to go
on time step 3038 (time=7.595), 0.234046 s/step
Meep progress: 7.6375/20.0 = 38.2% done in 767.0s, 1241.5s to go
on time step 3055 (time=7.6375), 0.235631 s/step
Meep progress: 7.6825/20.0 = 38.4% done in 771.2s, 1236.5s to go
on time step 3073 (time=7.6825), 0.23418 s/step
Meep progress: 7.7275/20.0 = 38.6% done in 775.4s, 1231.5s to go
on time step 3091 (time=7.7275), 0.234328 s/step
Meep progress: 7.7725/20.0 = 38.9% done in 779.7s, 1226.5s to go
on time step 3109 (time=7.7725), 0.234767 s/step
Meep progress: 7.8175/20.0 = 39.1% done in 783.9s, 1221.6s to go
on time step 3127 (time=7.8175), 0.234786 s/step
Meep progress: 7.8625/20.0 = 39.3% done in 788.1s, 1216.6s to go
on time step 3145 (time=7.8625), 0.234972 s/step
Meep progress: 7.9075/20.0 = 39.5% done in 792.3s, 1211.7s to go
on time step 3163 (time=7.9075), 0.234146 s/step
Meep progress: 7.952500000000001/20.0 = 39.8% done in 796.5s, 1206.7s to go
on time step 3181 (time=7.9525), 0.234308 s/step
Meep progress: 7.9975000000000005/20.0 = 40.0% done in 800.8s, 1201.8s to go
on time step 3199 (time=7.9975), 0.234576 s/step
Meep progress: 8.0425/20.0 = 40.2% done in 805.0s, 1196.8s to go
on time step 3217 (time=8.0425), 0.233769 s/step
Meep progress: 8.0875/20.0 = 40.4% done in 809.2s, 1191.9s to go
on time step 3235 (time=8.0875), 0.234707 s/step
Meep progress: 8.1325/20.0 = 40.7% done in 813.4s, 1187.0s to go
on time step 3253 (time=8.1325), 0.234123 s/step
Meep progress: 8.175/20.0 = 40.9% done in 817.4s, 1182.4s to go
on time step 3270 (time=8.175), 0.235427 s/step
Meep progress: 8.22/20.0 = 41.1% done in 821.6s, 1177.5s to go
on time step 3288 (time=8.22), 0.234205 s/step
Meep progress: 8.265/20.0 = 41.3% done in 825.8s, 1172.6s to go
on time step 3306 (time=8.265), 0.23412 s/step
Meep progress: 8.31/20.0 = 41.5% done in 830.1s, 1167.7s to go
on time step 3324 (time=8.31), 0.235072 s/step
Meep progress: 8.355/20.0 = 41.8% done in 834.3s, 1162.8s to go
on time step 3342 (time=8.355), 0.234328 s/step
Meep progress: 8.4/20.0 = 42.0% done in 838.5s, 1158.0s to go
on time step 3360 (time=8.4), 0.23459 s/step
Meep progress: 8.445/20.0 = 42.2% done in 842.7s, 1153.1s to go
on time step 3378 (time=8.445), 0.234485 s/step
Meep progress: 8.49/20.0 = 42.4% done in 847.0s, 1148.2s to go
on time step 3396 (time=8.49), 0.23467 s/step
Meep progress: 8.535/20.0 = 42.7% done in 851.2s, 1143.4s to go
on time step 3414 (time=8.535), 0.235038 s/step
Meep progress: 8.58/20.0 = 42.9% done in 855.4s, 1138.6s to go
on time step 3432 (time=8.58), 0.234395 s/step
Meep progress: 8.625/20.0 = 43.1% done in 859.6s, 1133.7s to go
on time step 3450 (time=8.625), 0.234626 s/step
Meep progress: 8.67/20.0 = 43.3% done in 863.8s, 1128.9s to go
on time step 3468 (time=8.67), 0.233998 s/step
Meep progress: 8.715/20.0 = 43.6% done in 868.1s, 1124.1s to go
on time step 3486 (time=8.715), 0.235152 s/step
Meep progress: 8.76/20.0 = 43.8% done in 872.3s, 1119.3s to go
on time step 3504 (time=8.76), 0.234487 s/step
Meep progress: 8.805/20.0 = 44.0% done in 876.5s, 1114.4s to go
on time step 3522 (time=8.805), 0.234111 s/step
Meep progress: 8.85/20.0 = 44.2% done in 880.7s, 1109.6s to go
on time step 3540 (time=8.85), 0.234861 s/step
Meep progress: 8.895/20.0 = 44.5% done in 885.0s, 1104.8s to go
on time step 3558 (time=8.895), 0.234232 s/step
Meep progress: 8.94/20.0 = 44.7% done in 889.2s, 1100.1s to go
on time step 3576 (time=8.94), 0.235174 s/step
Meep progress: 8.985/20.0 = 44.9% done in 893.4s, 1095.3s to go
on time step 3594 (time=8.985), 0.234197 s/step
Meep progress: 9.03/20.0 = 45.1% done in 897.6s, 1090.5s to go
on time step 3612 (time=9.03), 0.235042 s/step
Meep progress: 9.075000000000001/20.0 = 45.4% done in 901.9s, 1085.7s to go
on time step 3630 (time=9.075), 0.234149 s/step
Meep progress: 9.120000000000001/20.0 = 45.6% done in 906.1s, 1080.9s to go
on time step 3648 (time=9.12), 0.234727 s/step
Meep progress: 9.165000000000001/20.0 = 45.8% done in 910.3s, 1076.2s to go
on time step 3666 (time=9.165), 0.234914 s/step
Meep progress: 9.21/20.0 = 46.1% done in 914.5s, 1071.4s to go
on time step 3684 (time=9.21), 0.234372 s/step
Meep progress: 9.255/20.0 = 46.3% done in 918.8s, 1066.7s to go
on time step 3702 (time=9.255), 0.235087 s/step
Meep progress: 9.3/20.0 = 46.5% done in 923.0s, 1061.9s to go
on time step 3720 (time=9.3), 0.233712 s/step
Meep progress: 9.345/20.0 = 46.7% done in 927.2s, 1057.2s to go
on time step 3738 (time=9.345), 0.234382 s/step
Meep progress: 9.39/20.0 = 47.0% done in 931.4s, 1052.4s to go
on time step 3756 (time=9.39), 0.234571 s/step
Meep progress: 9.435/20.0 = 47.2% done in 935.6s, 1047.7s to go
on time step 3774 (time=9.435), 0.234365 s/step
Meep progress: 9.48/20.0 = 47.4% done in 939.8s, 1043.0s to go
on time step 3792 (time=9.48), 0.234604 s/step
Meep progress: 9.525/20.0 = 47.6% done in 944.1s, 1038.2s to go
on time step 3810 (time=9.525), 0.234028 s/step
Meep progress: 9.57/20.0 = 47.9% done in 948.3s, 1033.5s to go
on time step 3828 (time=9.57), 0.235145 s/step
Meep progress: 9.615/20.0 = 48.1% done in 952.5s, 1028.8s to go
on time step 3846 (time=9.615), 0.234154 s/step
Meep progress: 9.66/20.0 = 48.3% done in 956.7s, 1024.1s to go
on time step 3864 (time=9.66), 0.23435 s/step
Meep progress: 9.705/20.0 = 48.5% done in 961.0s, 1019.4s to go
on time step 3882 (time=9.705), 0.234779 s/step
Meep progress: 9.75/20.0 = 48.8% done in 965.2s, 1014.7s to go
on time step 3900 (time=9.75), 0.234925 s/step
Meep progress: 9.795/20.0 = 49.0% done in 969.4s, 1010.0s to go
on time step 3918 (time=9.795), 0.235199 s/step
Meep progress: 9.84/20.0 = 49.2% done in 973.6s, 1005.3s to go
on time step 3936 (time=9.84), 0.234149 s/step
Meep progress: 9.885/20.0 = 49.4% done in 977.9s, 1000.6s to go
on time step 3954 (time=9.885), 0.234811 s/step
Meep progress: 9.93/20.0 = 49.6% done in 982.1s, 995.9s to go
on time step 3972 (time=9.93), 0.234246 s/step
Meep progress: 9.975/20.0 = 49.9% done in 986.3s, 991.2s to go
on time step 3990 (time=9.975), 0.233961 s/step
Meep progress: 10.02/20.0 = 50.1% done in 990.5s, 986.6s to go
on time step 4008 (time=10.02), 0.234937 s/step
Meep progress: 10.065/20.0 = 50.3% done in 994.7s, 981.9s to go
on time step 4026 (time=10.065), 0.234283 s/step
Meep progress: 10.11/20.0 = 50.5% done in 999.0s, 977.2s to go
on time step 4044 (time=10.11), 0.234909 s/step
Meep progress: 10.155/20.0 = 50.8% done in 1003.2s, 972.6s to go
on time step 4062 (time=10.155), 0.234127 s/step
Meep progress: 10.200000000000001/20.0 = 51.0% done in 1007.4s, 967.9s to go
on time step 4080 (time=10.2), 0.233941 s/step
Meep progress: 10.245000000000001/20.0 = 51.2% done in 1011.6s, 963.2s to go
on time step 4098 (time=10.245), 0.234964 s/step
Meep progress: 10.290000000000001/20.0 = 51.5% done in 1015.8s, 958.6s to go
on time step 4116 (time=10.29), 0.234224 s/step
Meep progress: 10.335/20.0 = 51.7% done in 1020.1s, 953.9s to go
on time step 4134 (time=10.335), 0.235136 s/step
Meep progress: 10.38/20.0 = 51.9% done in 1024.3s, 949.3s to go
on time step 4152 (time=10.38), 0.234425 s/step
Meep progress: 10.4225/20.0 = 52.1% done in 1028.3s, 944.9s to go
on time step 4169 (time=10.4225), 0.23548 s/step
Meep progress: 10.4675/20.0 = 52.3% done in 1032.5s, 940.3s to go
on time step 4187 (time=10.4675), 0.234159 s/step
Meep progress: 10.512500000000001/20.0 = 52.6% done in 1036.7s, 935.6s to go
on time step 4205 (time=10.5125), 0.234381 s/step
Meep progress: 10.557500000000001/20.0 = 52.8% done in 1040.9s, 931.0s to go
on time step 4223 (time=10.5575), 0.234673 s/step
Meep progress: 10.602500000000001/20.0 = 53.0% done in 1045.2s, 926.4s to go
on time step 4241 (time=10.6025), 0.233968 s/step
Meep progress: 10.6475/20.0 = 53.2% done in 1049.4s, 921.8s to go
on time step 4259 (time=10.6475), 0.235018 s/step
Meep progress: 10.6925/20.0 = 53.5% done in 1053.6s, 917.1s to go
on time step 4277 (time=10.6925), 0.23411 s/step
Meep progress: 10.7375/20.0 = 53.7% done in 1057.8s, 912.5s to go
on time step 4295 (time=10.7375), 0.234403 s/step
Meep progress: 10.7825/20.0 = 53.9% done in 1062.0s, 907.9s to go
on time step 4313 (time=10.7825), 0.234939 s/step
Meep progress: 10.8275/20.0 = 54.1% done in 1066.3s, 903.3s to go
on time step 4331 (time=10.8275), 0.234033 s/step
Meep progress: 10.870000000000001/20.0 = 54.4% done in 1070.3s, 898.9s to go
on time step 4348 (time=10.87), 0.235411 s/step
Meep progress: 10.915000000000001/20.0 = 54.6% done in 1074.5s, 894.3s to go
on time step 4366 (time=10.915), 0.234298 s/step
Meep progress: 10.96/20.0 = 54.8% done in 1078.7s, 889.7s to go
on time step 4384 (time=10.96), 0.234967 s/step
Meep progress: 11.005/20.0 = 55.0% done in 1082.9s, 885.1s to go
on time step 4402 (time=11.005), 0.234098 s/step
Meep progress: 11.05/20.0 = 55.2% done in 1087.1s, 880.5s to go
on time step 4420 (time=11.05), 0.234655 s/step
Meep progress: 11.095/20.0 = 55.5% done in 1091.4s, 876.0s to go
on time step 4438 (time=11.095), 0.234885 s/step
Meep progress: 11.14/20.0 = 55.7% done in 1095.6s, 871.4s to go
on time step 4456 (time=11.14), 0.234384 s/step
Meep progress: 11.185/20.0 = 55.9% done in 1099.8s, 866.8s to go
on time step 4474 (time=11.185), 0.234866 s/step
Meep progress: 11.23/20.0 = 56.1% done in 1104.0s, 862.2s to go
on time step 4492 (time=11.23), 0.234013 s/step
Meep progress: 11.275/20.0 = 56.4% done in 1108.2s, 857.6s to go
on time step 4510 (time=11.275), 0.23416 s/step
Meep progress: 11.32/20.0 = 56.6% done in 1112.5s, 853.0s to go
on time step 4528 (time=11.32), 0.235084 s/step
Meep progress: 11.365/20.0 = 56.8% done in 1116.7s, 848.5s to go
on time step 4546 (time=11.365), 0.234355 s/step
Meep progress: 11.41/20.0 = 57.0% done in 1120.9s, 843.9s to go
on time step 4564 (time=11.41), 0.235093 s/step
Meep progress: 11.455/20.0 = 57.3% done in 1125.1s, 839.3s to go
on time step 4582 (time=11.455), 0.23421 s/step
Meep progress: 11.4975/20.0 = 57.5% done in 1129.2s, 835.0s to go
on time step 4599 (time=11.4975), 0.235592 s/step
Meep progress: 11.5425/20.0 = 57.7% done in 1133.4s, 830.4s to go
on time step 4617 (time=11.5425), 0.234113 s/step
Meep progress: 11.5875/20.0 = 57.9% done in 1137.6s, 825.9s to go
on time step 4635 (time=11.5875), 0.234361 s/step
Meep progress: 11.6325/20.0 = 58.2% done in 1141.8s, 821.3s to go
on time step 4653 (time=11.6325), 0.23504 s/step
Meep progress: 11.6775/20.0 = 58.4% done in 1146.0s, 816.8s to go
on time step 4671 (time=11.6775), 0.234785 s/step
Meep progress: 11.7225/20.0 = 58.6% done in 1150.3s, 812.2s to go
on time step 4689 (time=11.7225), 0.235109 s/step
Meep progress: 11.7675/20.0 = 58.8% done in 1154.5s, 807.7s to go
on time step 4707 (time=11.7675), 0.234247 s/step
Meep progress: 11.8125/20.0 = 59.1% done in 1158.7s, 803.1s to go
on time step 4725 (time=11.8125), 0.234384 s/step
Meep progress: 11.8575/20.0 = 59.3% done in 1162.9s, 798.6s to go
on time step 4743 (time=11.8575), 0.23472 s/step
Meep progress: 11.9025/20.0 = 59.5% done in 1167.1s, 794.0s to go
on time step 4761 (time=11.9025), 0.2338 s/step
Meep progress: 11.9475/20.0 = 59.7% done in 1171.4s, 789.5s to go
on time step 4779 (time=11.9475), 0.235076 s/step
Meep progress: 11.9925/20.0 = 60.0% done in 1175.6s, 785.0s to go
on time step 4797 (time=11.9925), 0.234517 s/step
Meep progress: 12.035/20.0 = 60.2% done in 1179.6s, 780.7s to go
on time step 4814 (time=12.035), 0.235379 s/step
Meep progress: 12.08/20.0 = 60.4% done in 1183.8s, 776.1s to go
on time step 4832 (time=12.08), 0.234105 s/step
Meep progress: 12.125/20.0 = 60.6% done in 1188.0s, 771.6s to go
on time step 4850 (time=12.125), 0.234219 s/step
Meep progress: 12.1675/20.0 = 60.8% done in 1192.0s, 767.3s to go
on time step 4867 (time=12.1675), 0.235349 s/step
Meep progress: 12.2125/20.0 = 61.1% done in 1196.2s, 762.8s to go
on time step 4885 (time=12.2125), 0.23442 s/step
Meep progress: 12.2575/20.0 = 61.3% done in 1200.5s, 758.3s to go
on time step 4903 (time=12.2575), 0.234893 s/step
Meep progress: 12.3025/20.0 = 61.5% done in 1204.7s, 753.8s to go
on time step 4921 (time=12.3025), 0.23442 s/step
Meep progress: 12.3475/20.0 = 61.7% done in 1208.9s, 749.2s to go
on time step 4939 (time=12.3475), 0.234727 s/step
Meep progress: 12.39/20.0 = 62.0% done in 1212.9s, 745.0s to go
on time step 4956 (time=12.39), 0.235328 s/step
Meep progress: 12.435/20.0 = 62.2% done in 1217.1s, 740.5s to go
on time step 4974 (time=12.435), 0.234439 s/step
Meep progress: 12.48/20.0 = 62.4% done in 1221.4s, 736.0s to go
on time step 4992 (time=12.48), 0.235167 s/step
Meep progress: 12.525/20.0 = 62.6% done in 1225.6s, 731.4s to go
on time step 5010 (time=12.525), 0.23401 s/step
Meep progress: 12.57/20.0 = 62.9% done in 1229.8s, 726.9s to go
on time step 5028 (time=12.57), 0.234934 s/step
Meep progress: 12.615/20.0 = 63.1% done in 1234.0s, 722.4s to go
on time step 5046 (time=12.615), 0.234099 s/step
Meep progress: 12.66/20.0 = 63.3% done in 1238.2s, 717.9s to go
on time step 5064 (time=12.66), 0.234219 s/step
Meep progress: 12.705/20.0 = 63.5% done in 1242.5s, 713.4s to go
on time step 5082 (time=12.705), 0.235018 s/step
Meep progress: 12.75/20.0 = 63.8% done in 1246.7s, 708.9s to go
on time step 5100 (time=12.75), 0.234198 s/step
Meep progress: 12.795/20.0 = 64.0% done in 1250.9s, 704.4s to go
on time step 5118 (time=12.795), 0.235222 s/step
Meep progress: 12.84/20.0 = 64.2% done in 1255.1s, 699.9s to go
on time step 5136 (time=12.84), 0.234293 s/step
Meep progress: 12.885/20.0 = 64.4% done in 1259.4s, 695.4s to go
on time step 5154 (time=12.885), 0.234266 s/step
Meep progress: 12.93/20.0 = 64.6% done in 1263.6s, 690.9s to go
on time step 5172 (time=12.93), 0.235072 s/step
Meep progress: 12.975/20.0 = 64.9% done in 1267.8s, 686.4s to go
on time step 5190 (time=12.975), 0.234664 s/step
Meep progress: 13.02/20.0 = 65.1% done in 1272.0s, 681.9s to go
on time step 5208 (time=13.02), 0.235172 s/step
Meep progress: 13.065/20.0 = 65.3% done in 1276.3s, 677.5s to go
on time step 5226 (time=13.065), 0.234467 s/step
Meep progress: 13.11/20.0 = 65.5% done in 1280.5s, 673.0s to go
on time step 5244 (time=13.11), 0.235015 s/step
Meep progress: 13.155000000000001/20.0 = 65.8% done in 1284.7s, 668.5s to go
on time step 5262 (time=13.155), 0.233932 s/step
Meep progress: 13.200000000000001/20.0 = 66.0% done in 1288.9s, 664.0s to go
on time step 5280 (time=13.2), 0.233862 s/step
Meep progress: 13.245000000000001/20.0 = 66.2% done in 1293.1s, 659.5s to go
on time step 5298 (time=13.245), 0.234663 s/step
Meep progress: 13.290000000000001/20.0 = 66.5% done in 1297.4s, 655.0s to go
on time step 5316 (time=13.29), 0.234498 s/step
Meep progress: 13.335/20.0 = 66.7% done in 1301.6s, 650.6s to go
on time step 5334 (time=13.335), 0.235176 s/step
Meep progress: 13.38/20.0 = 66.9% done in 1305.8s, 646.1s to go
on time step 5352 (time=13.38), 0.234194 s/step
Meep progress: 13.425/20.0 = 67.1% done in 1310.0s, 641.6s to go
on time step 5370 (time=13.425), 0.235337 s/step
Meep progress: 13.47/20.0 = 67.3% done in 1314.3s, 637.1s to go
on time step 5388 (time=13.47), 0.234065 s/step
Meep progress: 13.515/20.0 = 67.6% done in 1318.5s, 632.7s to go
on time step 5406 (time=13.515), 0.234466 s/step
Meep progress: 13.557500000000001/20.0 = 67.8% done in 1322.5s, 628.4s to go
on time step 5423 (time=13.5575), 0.235387 s/step
Meep progress: 13.602500000000001/20.0 = 68.0% done in 1326.7s, 624.0s to go
on time step 5441 (time=13.6025), 0.234845 s/step
Meep progress: 13.645/20.0 = 68.2% done in 1330.7s, 619.8s to go
on time step 5458 (time=13.645), 0.235333 s/step
Meep progress: 13.69/20.0 = 68.4% done in 1334.9s, 615.3s to go
on time step 5476 (time=13.69), 0.234207 s/step
Meep progress: 13.735/20.0 = 68.7% done in 1339.1s, 610.8s to go
on time step 5494 (time=13.735), 0.234365 s/step
Meep progress: 13.780000000000001/20.0 = 68.9% done in 1343.4s, 606.4s to go
on time step 5512 (time=13.78), 0.234719 s/step
Meep progress: 13.825000000000001/20.0 = 69.1% done in 1347.6s, 601.9s to go
on time step 5530 (time=13.825), 0.233917 s/step
Meep progress: 13.870000000000001/20.0 = 69.3% done in 1351.8s, 597.4s to go
on time step 5548 (time=13.87), 0.234894 s/step
Meep progress: 13.915000000000001/20.0 = 69.6% done in 1356.0s, 593.0s to go
on time step 5566 (time=13.915), 0.234218 s/step
Meep progress: 13.96/20.0 = 69.8% done in 1360.3s, 588.5s to go
on time step 5584 (time=13.96), 0.235284 s/step
Meep progress: 14.005/20.0 = 70.0% done in 1364.5s, 584.1s to go
on time step 5602 (time=14.005), 0.23403 s/step
Meep progress: 14.05/20.0 = 70.2% done in 1368.7s, 579.6s to go
on time step 5620 (time=14.05), 0.234187 s/step
Meep progress: 14.092500000000001/20.0 = 70.5% done in 1372.7s, 575.4s to go
on time step 5637 (time=14.0925), 0.235465 s/step
Meep progress: 14.137500000000001/20.0 = 70.7% done in 1376.9s, 571.0s to go
on time step 5655 (time=14.1375), 0.234359 s/step
Meep progress: 14.18/20.0 = 70.9% done in 1380.9s, 566.8s to go
on time step 5672 (time=14.18), 0.235337 s/step
Meep progress: 14.225/20.0 = 71.1% done in 1385.1s, 562.3s to go
on time step 5690 (time=14.225), 0.234449 s/step
Meep progress: 14.27/20.0 = 71.3% done in 1389.4s, 557.9s to go
on time step 5708 (time=14.27), 0.234556 s/step
Meep progress: 14.315/20.0 = 71.6% done in 1393.6s, 553.4s to go
on time step 5726 (time=14.315), 0.235185 s/step
Meep progress: 14.36/20.0 = 71.8% done in 1397.8s, 549.0s to go
on time step 5744 (time=14.36), 0.234314 s/step
Meep progress: 14.405000000000001/20.0 = 72.0% done in 1402.0s, 544.6s to go
on time step 5762 (time=14.405), 0.234773 s/step
Meep progress: 14.450000000000001/20.0 = 72.2% done in 1406.2s, 540.1s to go
on time step 5780 (time=14.45), 0.233889 s/step
Meep progress: 14.495000000000001/20.0 = 72.5% done in 1410.5s, 535.7s to go
on time step 5798 (time=14.495), 0.234814 s/step
Meep progress: 14.540000000000001/20.0 = 72.7% done in 1414.7s, 531.2s to go
on time step 5816 (time=14.54), 0.234366 s/step
Meep progress: 14.585/20.0 = 72.9% done in 1418.9s, 526.8s to go
on time step 5834 (time=14.585), 0.234142 s/step
Meep progress: 14.6275/20.0 = 73.1% done in 1422.9s, 522.6s to go
on time step 5851 (time=14.6275), 0.235328 s/step
Meep progress: 14.6725/20.0 = 73.4% done in 1427.1s, 518.2s to go
on time step 5869 (time=14.6725), 0.234086 s/step
Meep progress: 14.715/20.0 = 73.6% done in 1431.1s, 514.0s to go
on time step 5886 (time=14.715), 0.235398 s/step
Meep progress: 14.76/20.0 = 73.8% done in 1435.3s, 509.6s to go
on time step 5904 (time=14.76), 0.234079 s/step
Meep progress: 14.805/20.0 = 74.0% done in 1439.6s, 505.1s to go
on time step 5922 (time=14.805), 0.234436 s/step
Meep progress: 14.85/20.0 = 74.2% done in 1443.8s, 500.7s to go
on time step 5940 (time=14.85), 0.234854 s/step
Meep progress: 14.895/20.0 = 74.5% done in 1448.0s, 496.3s to go
on time step 5958 (time=14.895), 0.234811 s/step
Meep progress: 14.94/20.0 = 74.7% done in 1452.2s, 491.9s to go
on time step 5976 (time=14.94), 0.2351 s/step
Meep progress: 14.985/20.0 = 74.9% done in 1456.5s, 487.4s to go
on time step 5994 (time=14.985), 0.23433 s/step
Meep progress: 15.030000000000001/20.0 = 75.2% done in 1460.7s, 483.0s to go
on time step 6012 (time=15.03), 0.234514 s/step
Meep progress: 15.075000000000001/20.0 = 75.4% done in 1464.9s, 478.6s to go
on time step 6030 (time=15.075), 0.234338 s/step
Meep progress: 15.120000000000001/20.0 = 75.6% done in 1469.1s, 474.2s to go
on time step 6048 (time=15.12), 0.233891 s/step
Meep progress: 15.165000000000001/20.0 = 75.8% done in 1473.3s, 469.7s to go
on time step 6066 (time=15.165), 0.235123 s/step
Meep progress: 15.21/20.0 = 76.0% done in 1477.6s, 465.3s to go
on time step 6084 (time=15.21), 0.23427 s/step
Meep progress: 15.255/20.0 = 76.3% done in 1481.8s, 460.9s to go
on time step 6102 (time=15.255), 0.235202 s/step
Meep progress: 15.3/20.0 = 76.5% done in 1486.0s, 456.5s to go
on time step 6120 (time=15.3), 0.233943 s/step
Meep progress: 15.345/20.0 = 76.7% done in 1490.2s, 452.1s to go
on time step 6138 (time=15.345), 0.234347 s/step
Meep progress: 15.39/20.0 = 77.0% done in 1494.4s, 447.7s to go
on time step 6156 (time=15.39), 0.235019 s/step
Meep progress: 15.435/20.0 = 77.2% done in 1498.7s, 443.2s to go
on time step 6174 (time=15.435), 0.234214 s/step
Meep progress: 15.48/20.0 = 77.4% done in 1502.9s, 438.8s to go
on time step 6192 (time=15.48), 0.234837 s/step
Meep progress: 15.525/20.0 = 77.6% done in 1507.1s, 434.4s to go
on time step 6210 (time=15.525), 0.234856 s/step
Meep progress: 15.57/20.0 = 77.8% done in 1511.3s, 430.0s to go
on time step 6228 (time=15.57), 0.234949 s/step
Meep progress: 15.615/20.0 = 78.1% done in 1515.6s, 425.6s to go
on time step 6246 (time=15.615), 0.234248 s/step
Meep progress: 15.66/20.0 = 78.3% done in 1519.8s, 421.2s to go
on time step 6264 (time=15.66), 0.234385 s/step
Meep progress: 15.705/20.0 = 78.5% done in 1524.0s, 416.8s to go
on time step 6282 (time=15.705), 0.234792 s/step
Meep progress: 15.75/20.0 = 78.8% done in 1528.2s, 412.4s to go
on time step 6300 (time=15.75), 0.233938 s/step
Meep progress: 15.795/20.0 = 79.0% done in 1532.5s, 408.0s to go
on time step 6318 (time=15.795), 0.235144 s/step
Meep progress: 15.84/20.0 = 79.2% done in 1536.7s, 403.6s to go
on time step 6336 (time=15.84), 0.23432 s/step
Meep progress: 15.885/20.0 = 79.4% done in 1540.9s, 399.2s to go
on time step 6354 (time=15.885), 0.234191 s/step
Meep progress: 15.93/20.0 = 79.6% done in 1545.1s, 394.8s to go
on time step 6372 (time=15.93), 0.234983 s/step
Meep progress: 15.975/20.0 = 79.9% done in 1549.3s, 390.4s to go
on time step 6390 (time=15.975), 0.233997 s/step
Meep progress: 16.02/20.0 = 80.1% done in 1553.6s, 386.0s to go
on time step 6408 (time=16.02), 0.235052 s/step
Meep progress: 16.065/20.0 = 80.3% done in 1557.8s, 381.6s to go
on time step 6426 (time=16.065), 0.234314 s/step
Meep progress: 16.11/20.0 = 80.5% done in 1562.0s, 377.2s to go
on time step 6444 (time=16.11), 0.234819 s/step
Meep progress: 16.155/20.0 = 80.8% done in 1566.2s, 372.8s to go
on time step 6462 (time=16.155), 0.234244 s/step
Meep progress: 16.2/20.0 = 81.0% done in 1570.4s, 368.4s to go
on time step 6480 (time=16.2), 0.234541 s/step
Meep progress: 16.2425/20.0 = 81.2% done in 1574.4s, 364.2s to go
on time step 6497 (time=16.2425), 0.23542 s/step
Meep progress: 16.2875/20.0 = 81.4% done in 1578.7s, 359.8s to go
on time step 6515 (time=16.2875), 0.234383 s/step
Meep progress: 16.3325/20.0 = 81.7% done in 1582.9s, 355.4s to go
on time step 6533 (time=16.3325), 0.234618 s/step
Meep progress: 16.3775/20.0 = 81.9% done in 1587.1s, 351.0s to go
on time step 6551 (time=16.3775), 0.233946 s/step
Meep progress: 16.4225/20.0 = 82.1% done in 1591.3s, 346.7s to go
on time step 6569 (time=16.4225), 0.234167 s/step
Meep progress: 16.4675/20.0 = 82.3% done in 1595.5s, 342.3s to go
on time step 6587 (time=16.4675), 0.235228 s/step
Meep progress: 16.5125/20.0 = 82.6% done in 1599.8s, 337.9s to go
on time step 6605 (time=16.5125), 0.234369 s/step
Meep progress: 16.5575/20.0 = 82.8% done in 1604.0s, 333.5s to go
on time step 6623 (time=16.5575), 0.234883 s/step
Meep progress: 16.6025/20.0 = 83.0% done in 1608.2s, 329.1s to go
on time step 6641 (time=16.6025), 0.234052 s/step
Meep progress: 16.6475/20.0 = 83.2% done in 1612.4s, 324.7s to go
on time step 6659 (time=16.6475), 0.235085 s/step
Meep progress: 16.6925/20.0 = 83.5% done in 1616.7s, 320.3s to go
on time step 6677 (time=16.6925), 0.234364 s/step
Meep progress: 16.7375/20.0 = 83.7% done in 1620.9s, 315.9s to go
on time step 6695 (time=16.7375), 0.234198 s/step
Meep progress: 16.7825/20.0 = 83.9% done in 1625.1s, 311.6s to go
on time step 6713 (time=16.7825), 0.23508 s/step
Meep progress: 16.8275/20.0 = 84.1% done in 1629.3s, 307.2s to go
on time step 6731 (time=16.8275), 0.235029 s/step
Meep progress: 16.8725/20.0 = 84.4% done in 1633.6s, 302.8s to go
on time step 6749 (time=16.8725), 0.235168 s/step
Meep progress: 16.9175/20.0 = 84.6% done in 1637.8s, 298.4s to go
on time step 6767 (time=16.9175), 0.234362 s/step
Meep progress: 16.9625/20.0 = 84.8% done in 1642.0s, 294.0s to go
on time step 6785 (time=16.9625), 0.235041 s/step
Meep progress: 17.0075/20.0 = 85.0% done in 1646.2s, 289.7s to go
on time step 6803 (time=17.0075), 0.233834 s/step
Meep progress: 17.052500000000002/20.0 = 85.3% done in 1650.4s, 285.3s to go
on time step 6821 (time=17.0525), 0.233926 s/step
Meep progress: 17.095/20.0 = 85.5% done in 1654.4s, 281.1s to go
on time step 6838 (time=17.095), 0.2353 s/step
Meep progress: 17.14/20.0 = 85.7% done in 1658.7s, 276.8s to go
on time step 6856 (time=17.14), 0.23425 s/step
Meep progress: 17.1825/20.0 = 85.9% done in 1662.7s, 272.6s to go
on time step 6873 (time=17.1825), 0.235298 s/step
Meep progress: 17.2275/20.0 = 86.1% done in 1666.9s, 268.3s to go
on time step 6891 (time=17.2275), 0.234438 s/step
Meep progress: 17.2725/20.0 = 86.4% done in 1671.1s, 263.9s to go
on time step 6909 (time=17.2725), 0.234045 s/step
Meep progress: 17.315/20.0 = 86.6% done in 1675.1s, 259.8s to go
on time step 6926 (time=17.315), 0.235334 s/step
Meep progress: 17.36/20.0 = 86.8% done in 1679.3s, 255.4s to go
on time step 6944 (time=17.36), 0.234304 s/step
Meep progress: 17.4025/20.0 = 87.0% done in 1683.3s, 251.3s to go
on time step 6961 (time=17.4025), 0.235318 s/step
Meep progress: 17.4475/20.0 = 87.2% done in 1687.5s, 246.9s to go
on time step 6979 (time=17.4475), 0.234758 s/step
Meep progress: 17.4925/20.0 = 87.5% done in 1691.7s, 242.5s to go
on time step 6997 (time=17.4925), 0.234219 s/step
Meep progress: 17.5375/20.0 = 87.7% done in 1696.0s, 238.1s to go
on time step 7015 (time=17.5375), 0.23483 s/step
Meep progress: 17.5825/20.0 = 87.9% done in 1700.2s, 233.8s to go
on time step 7033 (time=17.5825), 0.234556 s/step
Meep progress: 17.6275/20.0 = 88.1% done in 1704.4s, 229.4s to go
on time step 7051 (time=17.6275), 0.235175 s/step
Meep progress: 17.6725/20.0 = 88.4% done in 1708.6s, 225.0s to go
on time step 7069 (time=17.6725), 0.234013 s/step
Meep progress: 17.7175/20.0 = 88.6% done in 1712.9s, 220.7s to go
on time step 7087 (time=17.7175), 0.234978 s/step
Meep progress: 17.7625/20.0 = 88.8% done in 1717.1s, 216.3s to go
on time step 7105 (time=17.7625), 0.234378 s/step
Meep progress: 17.8075/20.0 = 89.0% done in 1721.3s, 211.9s to go
on time step 7123 (time=17.8075), 0.23432 s/step
Meep progress: 17.8525/20.0 = 89.3% done in 1725.5s, 207.6s to go
on time step 7141 (time=17.8525), 0.235041 s/step
Meep progress: 17.8975/20.0 = 89.5% done in 1729.7s, 203.2s to go
on time step 7159 (time=17.8975), 0.234085 s/step
Meep progress: 17.94/20.0 = 89.7% done in 1733.8s, 199.1s to go
on time step 7176 (time=17.94), 0.235468 s/step
Meep progress: 17.985/20.0 = 89.9% done in 1738.0s, 194.7s to go
on time step 7194 (time=17.985), 0.234448 s/step
Meep progress: 18.03/20.0 = 90.2% done in 1742.2s, 190.4s to go
on time step 7212 (time=18.03), 0.234227 s/step
Meep progress: 18.075/20.0 = 90.4% done in 1746.4s, 186.0s to go
on time step 7230 (time=18.075), 0.234851 s/step
Meep progress: 18.12/20.0 = 90.6% done in 1750.6s, 181.6s to go
on time step 7248 (time=18.12), 0.234829 s/step
Meep progress: 18.1625/20.0 = 90.8% done in 1754.6s, 177.5s to go
on time step 7265 (time=18.1625), 0.23546 s/step
Meep progress: 18.2075/20.0 = 91.0% done in 1758.9s, 173.2s to go
on time step 7283 (time=18.2075), 0.234515 s/step
Meep progress: 18.2525/20.0 = 91.3% done in 1763.1s, 168.8s to go
on time step 7301 (time=18.2525), 0.234855 s/step
Meep progress: 18.2975/20.0 = 91.5% done in 1767.3s, 164.4s to go
on time step 7319 (time=18.2975), 0.233897 s/step
Meep progress: 18.3425/20.0 = 91.7% done in 1771.5s, 160.1s to go
on time step 7337 (time=18.3425), 0.234409 s/step
Meep progress: 18.3875/20.0 = 91.9% done in 1775.8s, 155.7s to go
on time step 7355 (time=18.3875), 0.234813 s/step
Meep progress: 18.4325/20.0 = 92.2% done in 1780.0s, 151.4s to go
on time step 7373 (time=18.4325), 0.234405 s/step
Meep progress: 18.475/20.0 = 92.4% done in 1784.0s, 147.3s to go
on time step 7390 (time=18.475), 0.235341 s/step
Meep progress: 18.52/20.0 = 92.6% done in 1788.2s, 142.9s to go
on time step 7408 (time=18.52), 0.23417 s/step
Meep progress: 18.565/20.0 = 92.8% done in 1792.4s, 138.5s to go
on time step 7426 (time=18.565), 0.23463 s/step
Meep progress: 18.61/20.0 = 93.0% done in 1796.6s, 134.2s to go
on time step 7444 (time=18.61), 0.235083 s/step
Meep progress: 18.655/20.0 = 93.3% done in 1800.9s, 129.8s to go
on time step 7462 (time=18.655), 0.234452 s/step
Meep progress: 18.6975/20.0 = 93.5% done in 1804.9s, 125.7s to go
on time step 7479 (time=18.6975), 0.235327 s/step
Meep progress: 18.7425/20.0 = 93.7% done in 1809.1s, 121.4s to go
on time step 7497 (time=18.7425), 0.23483 s/step
Meep progress: 18.7875/20.0 = 93.9% done in 1813.3s, 117.0s to go
on time step 7515 (time=18.7875), 0.235061 s/step
Meep progress: 18.8325/20.0 = 94.2% done in 1817.5s, 112.7s to go
on time step 7533 (time=18.8325), 0.234559 s/step
Meep progress: 18.8775/20.0 = 94.4% done in 1821.8s, 108.3s to go
on time step 7551 (time=18.8775), 0.234283 s/step
Meep progress: 18.9225/20.0 = 94.6% done in 1826.0s, 104.0s to go
on time step 7569 (time=18.9225), 0.234574 s/step
Meep progress: 18.9675/20.0 = 94.8% done in 1830.2s, 99.6s to go
on time step 7587 (time=18.9675), 0.234232 s/step
Meep progress: 19.0125/20.0 = 95.1% done in 1834.4s, 95.3s to go
on time step 7605 (time=19.0125), 0.234914 s/step
Meep progress: 19.0575/20.0 = 95.3% done in 1838.7s, 90.9s to go
on time step 7623 (time=19.0575), 0.234705 s/step
Meep progress: 19.1025/20.0 = 95.5% done in 1842.9s, 86.6s to go
on time step 7641 (time=19.1025), 0.234476 s/step
Meep progress: 19.1475/20.0 = 95.7% done in 1847.1s, 82.2s to go
on time step 7659 (time=19.1475), 0.234732 s/step
Meep progress: 19.1925/20.0 = 96.0% done in 1851.3s, 77.9s to go
on time step 7677 (time=19.1925), 0.234307 s/step
Meep progress: 19.235/20.0 = 96.2% done in 1855.3s, 73.8s to go
on time step 7694 (time=19.235), 0.235879 s/step
Meep progress: 19.28/20.0 = 96.4% done in 1859.5s, 69.4s to go
on time step 7712 (time=19.28), 0.234382 s/step
Meep progress: 19.325/20.0 = 96.6% done in 1863.8s, 65.1s to go
on time step 7730 (time=19.325), 0.234922 s/step
Meep progress: 19.37/20.0 = 96.8% done in 1868.0s, 60.8s to go
on time step 7748 (time=19.37), 0.234912 s/step
Meep progress: 19.415/20.0 = 97.1% done in 1872.2s, 56.4s to go
on time step 7766 (time=19.415), 0.234128 s/step
Meep progress: 19.46/20.0 = 97.3% done in 1876.4s, 52.1s to go
on time step 7784 (time=19.46), 0.235114 s/step
Meep progress: 19.505/20.0 = 97.5% done in 1880.7s, 47.7s to go
on time step 7802 (time=19.505), 0.234618 s/step
Meep progress: 19.55/20.0 = 97.8% done in 1884.9s, 43.4s to go
on time step 7820 (time=19.55), 0.23493 s/step
Meep progress: 19.595/20.0 = 98.0% done in 1889.1s, 39.0s to go
on time step 7838 (time=19.595), 0.234165 s/step
Meep progress: 19.64/20.0 = 98.2% done in 1893.4s, 34.7s to go
on time step 7856 (time=19.64), 0.235402 s/step
Meep progress: 19.685/20.0 = 98.4% done in 1897.6s, 30.4s to go
on time step 7874 (time=19.685), 0.234414 s/step
Meep progress: 19.73/20.0 = 98.6% done in 1901.8s, 26.0s to go
on time step 7892 (time=19.73), 0.234161 s/step
Meep progress: 19.775000000000002/20.0 = 98.9% done in 1906.0s, 21.7s to go
on time step 7910 (time=19.775), 0.235101 s/step
Meep progress: 19.82/20.0 = 99.1% done in 1910.2s, 17.3s to go
on time step 7928 (time=19.82), 0.234272 s/step
Meep progress: 19.8625/20.0 = 99.3% done in 1914.2s, 13.3s to go
on time step 7945 (time=19.8625), 0.235566 s/step
Meep progress: 19.9075/20.0 = 99.5% done in 1918.5s, 8.9s to go
on time step 7963 (time=19.9075), 0.234478 s/step
Meep progress: 19.9525/20.0 = 99.8% done in 1922.7s, 4.6s to go
on time step 7981 (time=19.9525), 0.234159 s/step
Meep progress: 19.9975/20.0 = 100.0% done in 1926.9s, 0.2s to go
on time step 7999 (time=19.9975), 0.234777 s/step
run 0 finished at t = 20.0 (8000 timesteps)
MPB solved for frequency_1(1.95106,0,0) = 1.12592 after 76 iters
MPB solved for frequency_1(2.27694,0,0) = 1.28207 after 33 iters
MPB solved for frequency_1(2.2769,0,0) = 1.28205 after 5 iters
Dominant planewave for band 1: (2.276905,-0.000000,0.000000)
MPB solved for frequency_1(1.95106,0,0) = 1.12592 after 76 iters
MPB solved for frequency_1(2.27694,0,0) = 1.28207 after 33 iters
MPB solved for frequency_1(2.2769,0,0) = 1.28205 after 5 iters
Dominant planewave for band 1: (2.276905,-0.000000,0.000000)
1.7759855991543263
1.775985599154327
efficency to position direction:, 0.11820081868296818 
efficency to negative direction:, 0.11759878002036443 

Elapsed run time = 2109.8321 s
